C51 COMPILER V9.60.0.0   GPIOFUNC                                                          08/05/2024 14:30:00 PAGE 1   


C51 COMPILER V9.60.0.0, COMPILATION OF MODULE GPIOFUNC
OBJECT MODULE PLACED IN .\Output\gpiofunc.obj
COMPILER INVOKED BY: D:\OleksandrVelihorskyi\KEIL\C51\BIN\C51.EXE gpiofunc.c LARGE OPTIMIZE(8,SPEED) BROWSE INCDIR(..\..
                    -\..\..\Library\Device\Include;..\..\..\..\Library\StdDriver\inc;..\Software Delay;..\..\..\Include) DEFINE(FOSC_160000) 
                    -DEBUG OBJECTEXTEND PRINT(.\LST\gpiofunc.lst) TABS(5) OBJECT(.\Output\gpiofunc.obj)

line level    source

   1          #include "N76E003.h"
   2          #include "SFR_Macro.h"
   3          #include "Function_define.h"
   4          #include "Common.h"
   5          #include "stdio.h"
   6          #include "gpiofunc.h"
   7          
   8          void ledRedGreen(char ledStatus){
   9   1        if (ledStatus==LED_OFF){
  10   2            LED_PIN_GREEN=0; LED_PIN_RED=0;
  11   2        } else if (ledStatus==LED_GREEN) {
  12   2             LED_PIN_GREEN=1;   LED_PIN_RED=0;
  13   2        } else if (ledStatus==LED_RED) {
  14   2             LED_PIN_GREEN=0;   LED_PIN_RED=1;
  15   2        } else if (ledStatus==LED_TOGGLE) {
  16   2             LED_PIN_GREEN=~LED_GREEN;   LED_PIN_RED=!LED_PIN_GREEN;
  17   2        } else {
  18   2              LED_PIN_GREEN=1;   LED_PIN_RED=1;
  19   2        }
  20   1      }


MODULE INFORMATION:   STATIC OVERLAYABLE
   CODE SIZE        =     55    ----
   CONSTANT SIZE    =   ----    ----
   XDATA SIZE       =   ----    ----
   PDATA SIZE       =   ----    ----
   DATA SIZE        =   ----    ----
   IDATA SIZE       =   ----    ----
   BIT SIZE         =   ----    ----
END OF MODULE INFORMATION.


C51 COMPILATION COMPLETE.  0 WARNING(S),  0 ERROR(S)
