C51 COMPILER V9.60.0.0   RADIODECODE                                                       08/02/2024 14:44:52 PAGE 1   


C51 COMPILER V9.60.0.0, COMPILATION OF MODULE RADIODECODE
OBJECT MODULE PLACED IN .\Output\radiodecode.obj
COMPILER INVOKED BY: D:\OleksandrVelihorskyi\KEIL\C51\BIN\C51.EXE radiodecode.c LARGE OPTIMIZE(8,SPEED) BROWSE INCDIR(..
                    -\..\..\..\Library\Device\Include;..\..\..\..\Library\StdDriver\inc;..\Software Delay;..\..\..\Include) DEFINE(FOSC_16000
                    -0) DEBUG OBJECTEXTEND PRINT(.\LST\radiodecode.lst) TABS(5) OBJECT(.\Output\radiodecode.obj)

line level    source

   1          #include "N76E003.h"
   2          #include "SFR_Macro.h"
   3          #include "Function_define.h"
   4          #include "Common.h"
   5          #include "stdio.h"
   6          #include "radiodecode.h"
   7          
   8          extern unsigned char rx_buf[MAXDATA+3];
   9          extern volatile unsigned char rx_ptr; //pointer to byte will be received over UART
  10          
  11          void clearRxBuff(){
  12   1        char i=0;
  13   1        for (i=0;i<MAXDATA+3; i++) rx_buf[i]=0;
  14   1        rx_ptr=0;
  15   1      }
  16          
  17          void clearRxBuffISR(){
  18   1        char i=0;
  19   1        for (i=0;i<MAXDATA+3; i++) rx_buf[i]=0;
  20   1        rx_ptr=0;   
  21   1      }


MODULE INFORMATION:   STATIC OVERLAYABLE
   CODE SIZE        =     90    ----
   CONSTANT SIZE    =   ----    ----
   XDATA SIZE       =   ----    ----
   PDATA SIZE       =   ----    ----
   DATA SIZE        =   ----    ----
   IDATA SIZE       =   ----    ----
   BIT SIZE         =   ----    ----
END OF MODULE INFORMATION.


C51 COMPILATION COMPLETE.  0 WARNING(S),  0 ERROR(S)
