C51 COMPILER V9.60.0.0   VARLIST                                                           05/24/2022 09:05:31 PAGE 1   


C51 COMPILER V9.60.0.0, COMPILATION OF MODULE VARLIST
OBJECT MODULE PLACED IN .\Output\varlist.obj
COMPILER INVOKED BY: D:\OleksandrVelihorskyi\KEIL\C51\BIN\C51.EXE varlist.c LARGE OPTIMIZE(8,SPEED) BROWSE INCDIR(..\..\
                    -..\..\Library\Device\Include;..\..\..\..\Library\StdDriver\inc;..\Software Delay;..\..\..\Include) DEFINE(FOSC_160000) D
                    -EBUG OBJECTEXTEND PRINT(.\LST\varlist.lst) TABS(5) OBJECT(.\Output\varlist.obj)

line level    source

   1          #include "stdio.h"
   2          
   3          unsigned char z6out=0;
   4          unsigned char z7out=0;


MODULE INFORMATION:   STATIC OVERLAYABLE
   CODE SIZE        =   ----    ----
   CONSTANT SIZE    =   ----    ----
   XDATA SIZE       =      2    ----
   PDATA SIZE       =   ----    ----
   DATA SIZE        =   ----    ----
   IDATA SIZE       =   ----    ----
   BIT SIZE         =   ----    ----
END OF MODULE INFORMATION.


C51 COMPILATION COMPLETE.  0 WARNING(S),  0 ERROR(S)
